  PC  	    Stack Pointer(SP)	    A	            B
00000000	0000277F	00000000	00000000	data 1
00000001	0000277F	00000000	00000000	data 2
00000002	0000277F	00000000	00000000	data 3
00000003	0000277F	00000000	00000000	data 4
00000004	0000277F	00000000	00000000	data 5
00000005	0000277F	00000000	00000000	data 6
00000006	0000277F	00000000	00000000	data 7
00000007	0000277F	00000000	00000000	SET 7
00000008	0000277F	00000000	00000000	ldc 1
00000009	0000277F	00000001	00000000	ldc 7
0000000A	0000277F	00000007	00000001	SET 8
0000000B	0000277F	00000007	00000001	ldl 0
0000000C	0000277F	00000000	00000007	ldc 7
0000000D	0000277F	00000007	00000000	sub 0
0000000E	0000277F	FFFFFFF9	00000000	brz 13
0000000F	0000277F	FFFFFFF9	00000000	ldl 0
00000010	0000277F	00000000	FFFFFFF9	ldnl 0
00000011	0000277F	00000001	FFFFFFF9	ldc 8
00000012	0000277F	00000008	00000001	sub 0
00000013	0000277F	FFFFFFF9	00000001	brz 5
00000014	0000277F	FFFFFFF9	00000001	ldc 1
00000015	0000277F	00000001	FFFFFFF9	ldl 0
00000016	0000277F	00000000	00000001	add 0
00000017	0000277F	00000001	00000001	stl 0
00000018	0000277F	00000001	00000001	br -14
0000000B	0000277F	00000001	00000001	ldl 0
0000000C	0000277F	00000001	00000001	ldc 7
0000000D	0000277F	00000007	00000001	sub 0
0000000E	0000277F	FFFFFFFA	00000001	brz 13
0000000F	0000277F	FFFFFFFA	00000001	ldl 0
00000010	0000277F	00000001	FFFFFFFA	ldnl 0
00000011	0000277F	00000002	FFFFFFFA	ldc 8
00000012	0000277F	00000008	00000002	sub 0
00000013	0000277F	FFFFFFFA	00000002	brz 5
00000014	0000277F	FFFFFFFA	00000002	ldc 1
00000015	0000277F	00000001	FFFFFFFA	ldl 0
00000016	0000277F	00000001	00000001	add 0
00000017	0000277F	00000002	00000001	stl 0
00000018	0000277F	00000001	00000001	br -14
0000000B	0000277F	00000001	00000001	ldl 0
0000000C	0000277F	00000002	00000001	ldc 7
0000000D	0000277F	00000007	00000002	sub 0
0000000E	0000277F	FFFFFFFB	00000002	brz 13
0000000F	0000277F	FFFFFFFB	00000002	ldl 0
00000010	0000277F	00000002	FFFFFFFB	ldnl 0
00000011	0000277F	00000003	FFFFFFFB	ldc 8
00000012	0000277F	00000008	00000003	sub 0
00000013	0000277F	FFFFFFFB	00000003	brz 5
00000014	0000277F	FFFFFFFB	00000003	ldc 1
00000015	0000277F	00000001	FFFFFFFB	ldl 0
00000016	0000277F	00000002	00000001	add 0
00000017	0000277F	00000003	00000001	stl 0
00000018	0000277F	00000001	00000001	br -14
0000000B	0000277F	00000001	00000001	ldl 0
0000000C	0000277F	00000003	00000001	ldc 7
0000000D	0000277F	00000007	00000003	sub 0
0000000E	0000277F	FFFFFFFC	00000003	brz 13
0000000F	0000277F	FFFFFFFC	00000003	ldl 0
00000010	0000277F	00000003	FFFFFFFC	ldnl 0
00000011	0000277F	00000004	FFFFFFFC	ldc 8
00000012	0000277F	00000008	00000004	sub 0
00000013	0000277F	FFFFFFFC	00000004	brz 5
00000014	0000277F	FFFFFFFC	00000004	ldc 1
00000015	0000277F	00000001	FFFFFFFC	ldl 0
00000016	0000277F	00000003	00000001	add 0
00000017	0000277F	00000004	00000001	stl 0
00000018	0000277F	00000001	00000001	br -14
0000000B	0000277F	00000001	00000001	ldl 0
0000000C	0000277F	00000004	00000001	ldc 7
0000000D	0000277F	00000007	00000004	sub 0
0000000E	0000277F	FFFFFFFD	00000004	brz 13
0000000F	0000277F	FFFFFFFD	00000004	ldl 0
00000010	0000277F	00000004	FFFFFFFD	ldnl 0
00000011	0000277F	00000005	FFFFFFFD	ldc 8
00000012	0000277F	00000008	00000005	sub 0
00000013	0000277F	FFFFFFFD	00000005	brz 5
00000014	0000277F	FFFFFFFD	00000005	ldc 1
00000015	0000277F	00000001	FFFFFFFD	ldl 0
00000016	0000277F	00000004	00000001	add 0
00000017	0000277F	00000005	00000001	stl 0
00000018	0000277F	00000001	00000001	br -14
0000000B	0000277F	00000001	00000001	ldl 0
0000000C	0000277F	00000005	00000001	ldc 7
0000000D	0000277F	00000007	00000005	sub 0
0000000E	0000277F	FFFFFFFE	00000005	brz 13
0000000F	0000277F	FFFFFFFE	00000005	ldl 0
00000010	0000277F	00000005	FFFFFFFE	ldnl 0
00000011	0000277F	00000006	FFFFFFFE	ldc 8
00000012	0000277F	00000008	00000006	sub 0
00000013	0000277F	FFFFFFFE	00000006	brz 5
00000014	0000277F	FFFFFFFE	00000006	ldc 1
00000015	0000277F	00000001	FFFFFFFE	ldl 0
00000016	0000277F	00000005	00000001	add 0
00000017	0000277F	00000006	00000001	stl 0
00000018	0000277F	00000001	00000001	br -14
0000000B	0000277F	00000001	00000001	ldl 0
0000000C	0000277F	00000006	00000001	ldc 7
0000000D	0000277F	00000007	00000006	sub 0
0000000E	0000277F	FFFFFFFF	00000006	brz 13
0000000F	0000277F	FFFFFFFF	00000006	ldl 0
00000010	0000277F	00000006	FFFFFFFF	ldnl 0
00000011	0000277F	00000007	FFFFFFFF	ldc 8
00000012	0000277F	00000008	00000007	sub 0
00000013	0000277F	FFFFFFFF	00000007	brz 5
00000014	0000277F	FFFFFFFF	00000007	ldc 1
00000015	0000277F	00000001	FFFFFFFF	ldl 0
00000016	0000277F	00000006	00000001	add 0
00000017	0000277F	00000007	00000001	stl 0
00000018	0000277F	00000001	00000001	br -14
0000000B	0000277F	00000001	00000001	ldl 0
0000000C	0000277F	00000007	00000001	ldc 7
0000000D	0000277F	00000007	00000007	sub 0
0000000E	0000277F	00000000	00000007	brz 13
0000001C	0000277F	00000000	00000007	ldc 0
0000001D	0000277F	00000000	00000000	ldc 0
0000001E	0000277F	00000000	00000000	HALT 0
